     1                                  bits 32
     2                                  global start
     3                                  
     4                                  extern exit, fopen, fclose, fprintf, fscanf
     5                                  import exit msvcrt.dll
     6                                  import fopen msvcrt.dll
     7                                  import fclose msvcrt.dll
     8                                  import fscanf msvcrt.dll
     9                                  import fprintf msvcrt.dll
    10                                  
    11                                  ; Se da un fisier text. Fisierul contine numere (in baza 10) separate prin spatii. 
    12                                  ; Sa se citeasca continutul acestui fisier, 
    13                                  ; sa se determine minimul numerelor citite si sa se scrie rezultatul la sfarsitul fisierului.
    14                                  
    15                                  segment data use32 class=data
    16 00000000 00000000                    numar dd 0
    17 00000004 00000000                    minim dd 0
    18                                      
    19 00000008 657832372E74787400          file_name db "ex27.txt", 0
    20 00000011 7200                        file_mode_citire db "r", 0
    21 00000013 6100                        file_mode_append db "a", 0
    22 00000015 FFFFFFFF                    file_descriptor dd -1
    23                                  
    24 00000019 256400                      format_citire db "%d", 0
    25 0000001C 20256400                    format_afisare db " %d", 0
    26                                  segment code use32 class=code
    27                                      start:
    28                                  
    29                                          ; deschidem fisierul
    30 00000000 68[11000000]                    push dword file_mode_citire
    31 00000005 68[08000000]                    push dword file_name
    32 0000000A FF15[00000000]                  call [fopen]
    33 00000010 83C408                          add esp, 2*4
    34                                  
    35                                          ; verificam daca s-a deschis corect
    36 00000013 83F800                          cmp eax, 0
    37 00000016 0F84BD000000                    je final
    38                                  
    39 0000001C A3[15000000]                    mov [file_descriptor], eax
    40                                  
    41                                      citire:
    42                                          ; citim primul numar ca sa-l luam ca minim
    43 00000021 68[00000000]                    push dword numar
    44 00000026 68[19000000]                    push dword format_citire
    45 0000002B FF35[15000000]                  push dword [file_descriptor]
    46 00000031 FF15[00000000]                  call [fscanf]
    47 00000037 83C40C                          add esp, 3*4
    48                                  
    49                                          ; verific daca s-a ajuns la EOF sau nu se mai poate citi nimic
    50 0000003A 83F801                          cmp eax, 1
    51 0000003D 7545                            jne iesire
    52                                  
    53 0000003F 50                              push eax
    54                                  
    55 00000040 A1[00000000]                    mov eax, [numar]
    56 00000045 A3[04000000]                    mov [minim], eax
    57                                  
    58 0000004A 58                              pop eax
    59                                  
    60                                          Repeta:
    61 0000004B 68[00000000]                        push dword numar
    62 00000050 68[19000000]                        push dword format_citire
    63 00000055 FF35[15000000]                      push dword [file_descriptor]
    64 0000005B FF15[00000000]                      call [fscanf]
    65 00000061 83C40C                              add esp, 3*4
    66                                  
    67                                              ; verific daca s-a ajuns la EOF sau nu se mai poate citi nimic
    68 00000064 83F801                              cmp eax, 1
    69 00000067 751B                                jne iesire
    70                                  
    71 00000069 50                                  push eax
    72                                  
    73 0000006A A1[04000000]                        mov eax, [minim]
    74 0000006F 3B05[00000000]                      cmp eax, [numar]
    75 00000075 7E0A                                jle NuMinim
    76                                  
    77 00000077 A1[00000000]                        mov eax, [numar]
    78 0000007C A3[04000000]                        mov [minim], eax
    79                                  
    80                                              NuMinim:
    81 00000081 58                                      pop eax
    82 00000082 EBC7                                    jmp Repeta
    83                                  
    84                                      iesire:
    85                                          ; inchidem fisierul
    86 00000084 FF35[15000000]                  push dword [file_descriptor]
    87 0000008A FF15[00000000]                  call [fclose]
    88 00000090 83C404                          add esp, 4
    89                                  
    90                                          ; deschidem fisierul
    91 00000093 68[13000000]                    push dword file_mode_append
    92 00000098 68[08000000]                    push dword file_name
    93 0000009D FF15[00000000]                  call [fopen]
    94 000000A3 83C408                          add esp, 2*4
    95                                  
    96 000000A6 83F800                          cmp eax, 0
    97 000000A9 742E                            je final
    98                                  
    99 000000AB A3[15000000]                    mov [file_descriptor], eax
   100                                  
   101                                          ; dam append la minim in fisier
   102 000000B0 FF35[04000000]                  push dword [minim]
   103 000000B6 68[1C000000]                    push dword format_afisare
   104 000000BB FF35[15000000]                  push dword [file_descriptor]
   105 000000C1 FF15[00000000]                  call [fprintf]
   106 000000C7 83C40C                          add esp, 3*4
   107                                  
   108                                          ; inchidem fisierul
   109 000000CA FF35[15000000]                  push dword [file_descriptor]
   110 000000D0 FF15[00000000]                  call [fclose]
   111 000000D6 83C404                          add esp, 4
   112                                  
   113                                      final:
   114 000000D9 6A00                    	    push dword 0 
   115 000000DB FF15[00000000]          	    call [exit] 
