     1                                  bits 32
     2                                  global start
     3                                  
     4                                  extern exit, fopen, fclose, fscanf, fprintf
     5                                  import exit msvcrt.dll
     6                                  import fopen msvcrt.dll
     7                                  import fclose msvcrt.dll
     8                                  import fscanf msvcrt.dll
     9                                  import fprintf msvcrt.dll
    10                                  
    11                                  ; Se da un fisier text. Fisierul contine numere (în baza 10) separate prin spatii.
    12                                  ; Sa se citeasca continutul acestui fisier, sa se determine maximul numerelor citite si sa se scrie rezultatul la sfarsitul fisierului.
    13                                  
    14                                  segment data use32 class=data
    15 00000000 657832392E74787400          file_name db "ex29.txt", 0
    16 00000009 7200                        file_mode_citire db "r", 0
    17 0000000B 6100                        file_mode_append db "a", 0
    18                                  
    19 0000000D <res 00000004>              numar resd 1
    20 00000011 00000000                    maxim dd 0
    21                                  
    22 00000015 256400                      format_citire db "%d", 0
    23 00000018 20256400                    format_afisare db " %d", 0
    24 0000001C FFFFFFFF                    file_descriptor dd -1
    25                                  
    26                                  segment code use32 class=code
    27                                      start:
    28                                  
    29 00000000 68[09000000]                    push dword file_mode_citire
    30 00000005 68[00000000]                    push dword file_name
    31 0000000A FF15[00000000]                  call [fopen]
    32 00000010 83C408                          add esp, 2*4
    33                                  
    34 00000013 83F800                          cmp eax, 0
    35 00000016 0F84B4000000                    je final
    36                                  
    37 0000001C A3[1C000000]                    mov [file_descriptor], eax
    38                                  
    39 00000021 68[0D000000]                    push dword numar
    40 00000026 68[15000000]                    push dword format_citire
    41 0000002B FF35[1C000000]                  push dword [file_descriptor]
    42 00000031 FF15[00000000]                  call [fscanf]
    43 00000037 83C40C                          add esp, 3*4
    44                                  
    45 0000003A 83F801                          cmp eax, 1
    46 0000003D 753C                            jne Iesire
    47                                  
    48 0000003F A1[0D000000]                    mov eax, [numar]
    49 00000044 A3[11000000]                    mov [maxim], eax
    50                                  
    51                                      Citire:
    52 00000049 68[0D000000]                    push dword numar
    53 0000004E 68[15000000]                    push dword format_citire
    54 00000053 FF35[1C000000]                  push dword [file_descriptor]
    55 00000059 FF15[00000000]                  call [fscanf]
    56 0000005F 83C40C                          add esp, 3*4
    57                                  
    58 00000062 83F801                          cmp eax, 1
    59 00000065 7514                            jne Iesire
    60                                  
    61 00000067 A1[0D000000]                    mov eax, [numar]
    62 0000006C 3B05[11000000]                  cmp eax, [maxim]
    63 00000072 7E05                            jle NuMaxim
    64                                  
    65 00000074 A3[11000000]                    mov [maxim], eax
    66                                  
    67                                      NuMaxim:
    68 00000079 EBCE                            jmp Citire
    69                                  
    70                                      Iesire:
    71                                          ; dam append la maxim
    72 0000007B FF35[1C000000]                  push dword [file_descriptor]
    73 00000081 FF15[00000000]                  call [fclose]
    74 00000087 83C404                          add esp, 4
    75                                  
    76 0000008A 68[0B000000]                    push dword file_mode_append
    77 0000008F 68[00000000]                    push dword file_name
    78 00000094 FF15[00000000]                  call [fopen]
    79 0000009A 83C408                          add esp, 2*4
    80                                  
    81 0000009D 83F800                          cmp eax, 0
    82 000000A0 742E                            je final
    83                                  
    84 000000A2 A3[1C000000]                    mov [file_descriptor], eax
    85                                  
    86 000000A7 FF35[11000000]                  push dword [maxim]
    87 000000AD 68[18000000]                    push dword format_afisare
    88 000000B2 FF35[1C000000]                  push dword [file_descriptor]
    89 000000B8 FF15[00000000]                  call [fprintf]
    90 000000BE 83C408                          add esp, 2*4
    91                                  
    92 000000C1 FF35[1C000000]                  push dword [file_descriptor]
    93 000000C7 FF15[00000000]                  call [fclose]
    94 000000CD 83C404                          add esp, 4
    95                                  
    96                                      final:
    97 000000D0 6A00                    	    push dword 0 
    98 000000D2 FF15[00000000]          	    call [exit] 
