     1                                  bits 32
     2                                  global start
     3                                  
     4                                  extern exit, scanf, printf
     5                                  import exit msvcrt.dll
     6                                  import scanf msvcrt.dll
     7                                  import printf msvcrt.dll
     8                                  
     9                                  ; Sa se citeasca de la tastatura doua numere (in baza 10) si sa se calculeze produsul lor.
    10                                  ; Rezultatul inmultirii se va salva in memorie in variabila "rezultat" (definita in segmentul de date).
    11                                  
    12                                  segment data use32 class=data
    13 00000000 <res 00000004>              a resd 1
    14 00000004 <res 00000004>              b resd 1
    15                                  
    16 00000008 0000000000000000            rezultat dq 0
    17                                  
    18 00000010 61203D2000                  format_mesaj_a db "a = ", 0
    19 00000015 62203D2000                  format_mesaj_b db "b = ", 0
    20 0000001A 256400                      format_citire db "%d", 0
    21 0000001D 61202A2062203D2025-         format_afisare db "a * b = %lld", 0
    21 00000026 6C6C6400           
    22                                  
    23                                  segment code use32 class=code
    24                                      start:
    25                                          ; afisam "a = "
    26 00000000 68[10000000]                    push dword format_mesaj_a
    27 00000005 FF15[00000000]                  call [printf]
    28 0000000B 83C404                          add esp, 4
    29                                  
    30                                          ; citim variabila a
    31 0000000E 68[00000000]                    push dword a
    32 00000013 68[1A000000]                    push dword format_citire
    33 00000018 FF15[00000000]                  call [scanf]
    34 0000001E 83C408                          add esp, 2*4
    35                                  
    36                                          ; afisam "b = "
    37 00000021 68[15000000]                    push dword format_mesaj_b
    38 00000026 FF15[00000000]                  call [printf]
    39 0000002C 83C404                          add esp, 4
    40                                  
    41                                          ; citim variabila b
    42 0000002F 68[04000000]                    push dword b
    43 00000034 68[1A000000]                    push dword format_citire
    44 00000039 FF15[00000000]                  call [scanf]
    45 0000003F 83C408                          add esp, 2*4
    46                                  
    47                                          ; EDX:EAX <- a * b
    48 00000042 A1[00000000]                    mov eax, [a]
    49 00000047 BA00000000                      mov edx, 0
    50 0000004C 8B1D[04000000]                  mov ebx, [b]
    51 00000052 F7EB                            imul ebx
    52                                  
    53                                          ; pun in memorie rezultatul (little-endian)
    54 00000054 A3[08000000]                    mov [rezultat], eax ; pun dublu-cuvantul inferior
    55 00000059 8915[0C000000]                  mov [rezultat + 4], edx ; pun dublu-cuvantul superior
    56                                  
    57                                          ; afisez rezultatul
    58 0000005F FF35[0C000000]                  push dword [rezultat + 4]
    59 00000065 FF35[08000000]                  push dword [rezultat]
    60 0000006B 68[1D000000]                    push dword format_afisare
    61 00000070 FF15[00000000]                  call [printf]
    62 00000076 83C40C                          add esp, 3*4
    63                                  
    64                                  
    65 00000079 6A00                    	    push dword 0 
    66 0000007B FF15[00000000]          	    call [exit] 
