     1                                  bits 32
     2                                  global start
     3                                  
     4                                  extern exit, scanf, fprintf, fopen, fclose
     5                                  import exit msvcrt.dll
     6                                  import scanf msvcrt.dll
     7                                  import fprintf msvcrt.dll
     8                                  import fopen msvcrt.dll
     9                                  import fclose msvcrt.dll
    10                                  
    11                                  segment data use32 class=data
    12 00000000 <res 0000001E>              fisier resb 30
    13 0000001E <res 00000078>              text resb 120
    14                                  
    15 00000096 257300                      format_citire db "%s", 0
    16                                  
    17 00000099 7700                        mod_acces db "w", 0 ; am deschis fisierul ca sa scriem in el
    18 0000009B FFFFFFFF                    descriptor dd -1 ; variabila in care salvam descriptorul fisierului
    19                                  
    20                                  segment code use32 class=code
    21                                      start:
    22 00000000 68[00000000]                    push dword fisier
    23 00000005 68[96000000]                    push dword format_citire
    24 0000000A FF15[00000000]                  call [scanf]
    25 00000010 83C408                          add esp, 2*4
    26                                  
    27 00000013 68[1E000000]                    push dword text
    28 00000018 68[96000000]                    push dword format_citire
    29 0000001D FF15[00000000]                  call [scanf]
    30 00000023 83C408                          add esp, 2*4
    31                                  
    32 00000026 68[99000000]                    push dword mod_acces
    33 0000002B 68[00000000]                    push dword fisier
    34 00000030 FF15[00000000]                  call [fopen]
    35 00000036 83C408                          add esp, 2*4
    36                                  
    37 00000039 A3[9B000000]                    mov [descriptor], eax
    38                                  
    39 0000003E 83F800                          cmp eax, 0
    40 00000041 7423                            je Final
    41                                  
    42                                      Sfarsit:
    43                                          ; scriem textul in fisierul deschis folosind fprintf
    44 00000043 68[1E000000]                    push dword text
    45 00000048 FF35[9B000000]                  push dword [descriptor]
    46 0000004E FF15[00000000]                  call [fprintf]
    47 00000054 83C408                          add esp, 2*4
    48                                  
    49                                          ; apelam functia fclose pentru a inchide fisierul
    50 00000057 FF35[9B000000]                  push dword [descriptor]
    51 0000005D FF15[00000000]                  call [fclose]
    52 00000063 83C404                          add esp, 4
    53                                  
    54                                      Final:
    55                                  
    56 00000066 6A00                    	    push dword 0 
    57 00000068 FF15[00000000]          	    call [exit] 
