     1                                  bits 32
     2                                  global start
     3                                  
     4                                  extern exit, fopen, fclose, fscanf, printf
     5                                  import exit msvcrt.dll
     6                                  import fopen msvcrt.dll
     7                                  import fclose msvcrt.dll
     8                                  import fscanf msvcrt.dll
     9                                  import printf msvcrt.dll
    10                                  segment data use32 class=data
    11 00000000 657831362E74787400          file_name db "ex16.txt", 0
    12 00000009 7200                        file_mode db "r", 0
    13                                  
    14 0000000B <res 00000004>              caracter resd 1
    15 0000000F 00000000                    contor_y dd 0
    16 00000013 00000000                    contor_z dd 0
    17                                  
    18 00000017 256300                      format_citire db "%c", 0
    19 0000001A 636F6E746F72207920-         format_afisare db "contor y = %d, contor z = %d", 0
    19 00000023 3D2025642C20636F6E-
    19 0000002C 746F72207A203D2025-
    19 00000035 6400               
    20 00000037 FFFFFFFF                    file_descriptor dd -1
    21                                  
    22                                  segment code use32 class=code
    23                                      start:
    24                                  
    25                                          ; deschid fisierul
    26 00000000 68[09000000]                    push dword file_mode
    27 00000005 68[00000000]                    push dword file_name
    28 0000000A FF15[00000000]                  call [fopen]
    29 00000010 83C408                          add esp, 2*4
    30                                  
    31                                          ; verific daca s-a deschis corect
    32 00000013 83F800                          cmp eax, 0
    33 00000016 746B                            je final
    34                                  
    35 00000018 A3[37000000]                    mov [file_descriptor], eax
    36                                  
    37                                      Citire:
    38                                          ; citesc caracter cu caracter
    39 0000001D 68[0B000000]                    push dword caracter
    40 00000022 68[17000000]                    push dword format_citire
    41 00000027 FF35[37000000]                  push dword [file_descriptor]
    42 0000002D FF15[00000000]                  call [fscanf]
    43 00000033 83C40C                          add esp, 3*4
    44                                  
    45                                          ; verific daca am ajuns la EOF sau daca nu se mai poate citi nimic
    46 00000036 83F801                          cmp eax, 1
    47 00000039 751F                            jne Iesire
    48                                  
    49                                          ;push eax
    50                                  
    51 0000003B A0[0B000000]                    mov al, byte [caracter]
    52 00000040 3C79                            cmp al, 121
    53 00000042 7509                            jne VerifZ
    54                                  
    55 00000044 8305[0F000000]01                add dword [contor_y], 1
    56                                          ;pop eax
    57 0000004B EBD0                            jmp Citire
    58                                  
    59                                      VerifZ:
    60 0000004D 3C7A                            cmp al, 122
    61 0000004F 7507                            jne Jump
    62 00000051 8305[13000000]01                add dword [contor_z], 1
    63                                  
    64                                      Jump:
    65                                          ;pop eax
    66 00000058 EBC3                            jmp Citire
    67                                  
    68                                      Iesire:
    69 0000005A FF35[13000000]                  push dword [contor_z]
    70 00000060 FF35[0F000000]                  push dword [contor_y]
    71 00000066 68[1A000000]                    push dword format_afisare
    72 0000006B FF15[00000000]                  call [printf]
    73 00000071 83C40C                          add esp, 3*4
    74                                  
    75 00000074 FF35[37000000]                  push dword [file_descriptor]
    76 0000007A FF15[00000000]                  call [fclose]
    77 00000080 83C404                          add esp, 4
    78                                  
    79                                  
    80                                      final:
    81 00000083 6A00                    	    push dword 0 
    82 00000085 FF15[00000000]          	    call [exit] 
