     1                                  bits 32
     2                                  global start
     3                                  
     4                                  extern exit, fopen, fclose, fprintf
     5                                  import exit msvcrt.dll
     6                                  import fopen msvcrt.dll
     7                                  import fclose msvcrt.dll
     8                                  import fprintf msvcrt.dll
     9                                  
    10                                  ; Se dau un nume de fisier si un text (definite in segmentul de date).
    11                                  ; Textul contine litere mici si spatii. Sa se inlocuiasca toate literele de pe pozitii pare cu numarul pozitiei.
    12                                  ; Sa se creeze un fisier cu numele dat si sa se scrie textul obtinut in fisier. 
    13                                  
    14                                  segment data use32 class=data
    15 00000000 657832302E74787400          file_name db "ex20.txt", 0
    16 00000009 7700                        file_mode db "w", 0
    17                                  
    18 0000000B 616E61206E75207672-         text db "ana nu vrea sa patineze", 0
    18 00000014 656120736120706174-
    18 0000001D 696E657A6500       
    19                                      l equ $-text
    20 00000023 00<rept>                    text_nou times 255 db 0
    21                                  
    22 00000122 257300                      format_afisare db "%s", 0
    23 00000125 FFFFFFFF                    file_descriptor dd -1
    24                                  
    25                                  segment code use32 class=code
    26                                      start:
    27 00000000 68[09000000]                    push dword file_mode
    28 00000005 68[00000000]                    push dword file_name
    29 0000000A FF15[00000000]                  call [fopen]
    30 00000010 83C408                          add esp, 2*4
    31                                  
    32 00000013 83F800                          cmp eax, 0
    33 00000016 0F8490000000                    je final
    34                                  
    35 0000001C A3[25010000]                    mov [file_descriptor], eax
    36                                  
    37 00000021 B918000000                      mov ecx, l
    38 00000026 BE00000000                      mov esi, 0
    39 0000002B BF00000000                      mov edi, 0
    40                                  
    41                                      Repeta:
    42 00000030 8A86[0B000000]                  mov al, [text + esi]
    43 00000036 B320                            mov bl, 32 ; 'Space'
    44                                  
    45 00000038 38D8                            cmp al, bl
    46 0000003A 743E                            je NuPozPara
    47                                  
    48 0000003C 89F3                            mov ebx, esi
    49                                  
    50 0000003E D1EB                            shr ebx, 1
    51 00000040 7238                            jc NuPozPara
    52                                  
    53 00000042 89F0                            mov eax, esi
    54 00000044 BB0A000000                      mov ebx, 10
    55                                  
    56 00000049 51                              push ecx
    57 0000004A B900000000                      mov ecx, 0
    58                                  
    59                                          NrCifre:
    60 0000004F BA00000000                          mov edx, 0
    61 00000054 F7F3                                div ebx
    62                                  
    63 00000056 41                                  inc ecx
    64 00000057 85C0                                test eax, eax
    65 00000059 75F4                                jnz NrCifre
    66                                  
    67 0000005B 89F0                            mov eax, esi
    68 0000005D 01CF                            add edi, ecx
    69                                  
    70                                          Repeta1:
    71 0000005F BA00000000                          mov edx, 0           
    72 00000064 F7F3                                div ebx              
    73                                  
    74 00000066 80C230                              add dl, 48 ; '0'         
    75 00000069 4F                                  dec edi             
    76 0000006A 8897[23000000]                      mov [text_nou + edi], dl 
    77                                  
    78 00000070 85C0                                test eax, eax        ; Check if eax is zero (quotient is zero)
    79 00000072 75EB                                jnz Repeta1     ; If not zero, continue the loop
    80                                       
    81 00000074 01CF                            add edi, ecx
    82 00000076 4F                              dec edi
    83 00000077 59                              pop ecx
    84 00000078 EB06                            jmp Increase
    85                                  
    86                                      NuPozPara:
    87 0000007A 8887[23000000]                  mov [text_nou + edi], al
    88                                  
    89                                      Increase:
    90 00000080 46                              inc esi
    91 00000081 47                              inc edi
    92 00000082 E2AC                            loop Repeta
    93                                  
    94 00000084 68[23000000]                    push dword text_nou
    95 00000089 68[22010000]                    push dword format_afisare
    96 0000008E FF35[25010000]                  push dword [file_descriptor]
    97 00000094 FF15[00000000]                  call [fprintf]
    98 0000009A 83C40C                          add esp, 3*4
    99                                  
   100 0000009D FF35[25010000]                  push dword [file_descriptor]
   101 000000A3 FF15[00000000]                  call [fclose]
   102 000000A9 83C404                          add esp, 4
   103                                  
   104                                      final:
   105 000000AC 6A00                    	    push dword 0 
   106 000000AE FF15[00000000]          	    call [exit] 
