     1                                  bits 32
     2                                  global start
     3                                  
     4                                  extern exit, fopen, fclose, fscanf, printf
     5                                  import exit msvcrt.dll
     6                                  import fopen msvcrt.dll
     7                                  import fclose msvcrt.dll
     8                                  import fscanf msvcrt.dll
     9                                  import printf msvcrt.dll
    10                                  
    11                                  ; Se da un fisier text. Sa se citeasca continutul fisierului, sa se contorizeze numarul de cifre pare
    12                                  ; si sa se afiseze aceasta valoare. Numele fisierului text este definit in segmentul de date.
    13                                  
    14                                  segment data use32 class=data
    15 00000000 6578332E74787400            file_name db "ex3.txt", 0
    16 00000008 7200                        file_mode db "r", 0
    17                                  
    18 0000000A 00000000                    caracter dd 0
    19 0000000E 00000000                    contor_pare dd 0
    20                                  
    21 00000012 256300                      format_citire db "%c", 0
    22 00000015 6E756D617220636966-         format_afisare db "numar cifre pare = %d", 0
    22 0000001E 72652070617265203D-
    22 00000027 20256400           
    23 0000002B FFFFFFFF                    file_descriptor dd -1
    24                                  
    25                                  segment code use32 class=code
    26                                      start:
    27 00000000 68[08000000]                    push dword file_mode
    28 00000005 68[00000000]                    push dword file_name
    29 0000000A FF15[00000000]                  call [fopen]
    30 00000010 83C408                          add esp, 2*4
    31                                  
    32 00000013 83F800                          cmp eax, 0
    33 00000016 7464                            je final
    34                                  
    35 00000018 A3[2B000000]                    mov [file_descriptor], eax
    36                                  
    37                                      Citire:
    38 0000001D 68[0A000000]                    push dword caracter
    39 00000022 68[12000000]                    push dword format_citire
    40 00000027 FF35[2B000000]                  push dword [file_descriptor]
    41 0000002D FF15[00000000]                  call [fscanf]
    42 00000033 83C40C                          add esp, 3*4
    43                                  
    44 00000036 83F801                          cmp eax, 1
    45 00000039 751E                            jne Iesire
    46                                  
    47 0000003B A0[0A000000]                    mov al, byte [caracter]
    48 00000040 B330                            mov bl, 48
    49                                  
    50 00000042 38D8                            cmp al, bl
    51 00000044 7211                            jb NuCifra
    52                                  
    53 00000046 B339                            mov bl, 57
    54                                  
    55 00000048 38D8                            cmp al, bl
    56 0000004A 770B                            ja NuCifra
    57                                  
    58 0000004C D0E8                            shr al, 1
    59 0000004E 7207                            jc NuCifra
    60                                  
    61 00000050 8305[0E000000]01                add dword [contor_pare], 1
    62                                  
    63                                  
    64                                      NuCifra:
    65 00000057 EBC4                            jmp Citire
    66                                  
    67                                      Iesire:
    68                                          ; afisam contorul de cifre pare
    69 00000059 FF35[0E000000]                  push dword [contor_pare]
    70 0000005F 68[15000000]                    push dword format_afisare
    71 00000064 FF15[00000000]                  call [printf]
    72 0000006A 83C408                          add esp, 2*4
    73                                  
    74 0000006D FF35[2B000000]                  push dword [file_descriptor]
    75 00000073 FF15[00000000]                  call [fclose]
    76 00000079 83C404                          add esp, 4
    77                                      
    78                                      final:
    79 0000007C 6A00                    	    push dword 0 
    80 0000007E FF15[00000000]          	    call [exit] 
