     1                                  bits 32
     2                                  global start
     3                                  
     4                                  extern exit, fopen, fclose, fprintf, scanf
     5                                  import exit msvcrt.dll
     6                                  import fopen msvcrt.dll
     7                                  import fclose msvcrt.dll
     8                                  import fprintf msvcrt.dll
     9                                  import scanf msvcrt.dll
    10                                  
    11                                  ; Se da un nume de fisier (definit in segmentul de date).
    12                                  ; Sa se creeze un fisier cu numele dat, apoi sa se citeasca de la tastatura cuvinte si sa se scrie in fisier cuvintele citite
    13                                  ; pana cand se citeste de la tastatura caracterul '$'.
    14                                  
    15                                  segment data use32 class=data
    16 00000000 657831312E74787400          file_name db "ex11.txt", 0
    17 00000009 7700                        file_mode db "w", 0
    18                                  
    19 0000000B <res 00000100>              cuvant resb 256
    20                                  
    21 0000010B 257300                      format_citire db "%s", 0
    22 0000010E 25730A00                    format_afisare db "%s", 10, 0
    23 00000112 FFFFFFFF                    file_descriptor dd -1
    24                                  
    25                                  segment code use32 class=code
    26                                      start:
    27                                  
    28 00000000 68[09000000]                    push dword file_mode
    29 00000005 68[00000000]                    push dword file_name
    30 0000000A FF15[00000000]                  call [fopen]
    31 00000010 83C408                          add esp, 2*4
    32                                  
    33 00000013 83F800                          cmp eax, 0
    34 00000016 743C                            je final
    35                                  
    36 00000018 A3[12010000]                    mov [file_descriptor], eax
    37                                  
    38                                      Citire:
    39 0000001D 68[0B000000]                    push dword cuvant
    40 00000022 68[0B010000]                    push dword format_citire
    41 00000027 FF15[00000000]                  call [scanf]
    42 0000002D 83C408                          add esp, 2*4
    43                                  
    44 00000030 803D[0B000000]24                cmp byte [cuvant], 36
    45 00000037 741B                            je final
    46                                  
    47 00000039 68[0B000000]                    push dword cuvant
    48 0000003E 68[0E010000]                    push dword format_afisare
    49 00000043 FF35[12010000]                  push dword [file_descriptor]
    50 00000049 FF15[00000000]                  call [fprintf]
    51 0000004F 83C40C                          add esp, 3*4
    52                                  
    53 00000052 EBC9                            jmp Citire
    54                                  
    55                                      final:
    56 00000054 6A00                    	    push dword 0 
    57 00000056 FF15[00000000]          	    call [exit] 
