     1                                  bits 32
     2                                  global start
     3                                  
     4                                  extern exit, fopen, fclose, fscanf, printf
     5                                  import exit msvcrt.dll
     6                                  import fopen msvcrt.dll
     7                                  import fclose msvcrt.dll
     8                                  import fscanf msvcrt.dll
     9                                  import printf msvcrt.dll
    10                                  
    11                                  ; Se da un fisier text. Sa se citeasca continutul fisierului, sa se determine cifra cu cea mai mare frecventa 
    12                                  ; si sa se afiseze acea cifra impreuna cu frecventa acesteia. Numele fisierului text este definit in segmentul de date.
    13                                  
    14                                  segment data use32 class=data
    15 00000000 70625F4469616E612E-         file_name db "pb_Diana.txt", 0
    15 00000009 74787400           
    16 0000000D 7200                        file_mode db "r", 0
    17                                  
    18 0000000F <res 00000004>              caracter resd 1
    19 00000013 00000000                    cifra dd 0
    20 00000017 00000000                    frecventa dd 0
    21 0000001B 00000000<rept>              sir times 10 dd 0
    22                                  
    23 00000043 256300                      format_citire db "%c", 0
    24 00000046 6369667261203D2025-         format_afisare db "cifra = %d, frecventa = %d", 0
    24 0000004F 642C20667265637665-
    24 00000058 6E7461203D20256400 
    25 00000061 FFFFFFFF                    file_descriptor dd -1
    26                                  
    27                                  segment code use32 class=code
    28                                      start:
    29                                  
    30 00000000 68[0D000000]                    push dword file_mode
    31 00000005 68[00000000]                    push dword file_name
    32 0000000A FF15[00000000]                  call [fopen]
    33 00000010 83C408                          add esp, 2*4
    34                                  
    35 00000013 83F800                          cmp eax, 0
    36 00000016 0F84A3000000                    je final
    37                                  
    38 0000001C A3[61000000]                    mov [file_descriptor], eax
    39                                  
    40                                      Citire:
    41 00000021 68[0F000000]                    push dword caracter
    42 00000026 68[43000000]                    push dword format_citire
    43 0000002B FF35[61000000]                  push dword [file_descriptor]
    44 00000031 FF15[00000000]                  call [fscanf]
    45 00000037 83C40C                          add esp, 3*4
    46                                  
    47 0000003A 83F801                          cmp eax, 1
    48 0000003D 7520                            jne Continua
    49                                  
    50 0000003F A0[0F000000]                    mov al, byte [caracter]
    51 00000044 B330                            mov bl, '0'
    52                                          
    53 00000046 38D8                            cmp al, bl
    54 00000048 72D7                            jb Citire
    55                                  
    56 0000004A B339                            mov bl, '9'
    57 0000004C 38D8                            cmp al, bl
    58 0000004E 77D1                            ja Citire
    59                                  
    60 00000050 2C30                            sub al, '0' ; EAX = cifra
    61 00000052 B304                            mov bl, 4
    62 00000054 F6E3                            mul bl ; EAX = 4 * cifra
    63 00000056 8080[1B000000]01                add byte [sir + eax], 1
    64 0000005D EBC2                            jmp Citire
    65                                  
    66                                      Continua:
    67 0000005F BE00000000                      mov esi, 0
    68 00000064 B90A000000                      mov ecx, 10
    69                                  
    70                                      Repeta:
    71 00000069 8B86[1B000000]                  mov eax, [sir + esi]
    72 0000006F 8B1D[17000000]                  mov ebx, [frecventa]
    73                                  
    74 00000075 39D8                            cmp eax, ebx
    75 00000077 7218                            jb NuFrecv
    76                                  
    77 00000079 A3[17000000]                    mov [frecventa], eax
    78 0000007E 89F0                            mov eax, esi
    79 00000080 BA00000000                      mov edx, 0
    80 00000085 BB04000000                      mov ebx, 4
    81 0000008A F7F3                            div ebx ; EAX <- catul 
    82                                  
    83 0000008C A3[13000000]                    mov [cifra], eax
    84                                  
    85                                      NuFrecv:
    86 00000091 83C604                          add esi, 4
    87 00000094 E2D3                            loop Repeta
    88                                  
    89                                      Iesire:
    90                                          ; afisez cifra si frecventa
    91 00000096 FF35[17000000]                  push dword [frecventa]
    92 0000009C FF35[13000000]                  push dword [cifra]
    93 000000A2 68[46000000]                    push dword format_afisare
    94 000000A7 FF15[00000000]                  call [printf]
    95 000000AD 83C40C                          add esp, 3*4
    96                                  
    97                                          ; inchid fisierul
    98 000000B0 FF35[61000000]                  push dword [file_descriptor]
    99 000000B6 FF15[00000000]                  call [fclose]
   100 000000BC 83C404                          add esp, 4
   101                                  
   102                                      final:
   103 000000BF 6A00                    	    push dword 0 
   104 000000C1 FF15[00000000]          	    call [exit] 
